Created by PLY version 3.11 (http://www.dabeaz.com/ply)

Unused terminals:

    PROPERTIES_PROPERTY_CLOSE
    PROPERTIES_PROPERTY_OPEN

Grammar

Rule 0     S' -> doc_model
Rule 1     doc_model -> XML_VERSION doc_model
Rule 2     doc_model -> doc_comment doc_model
Rule 3     doc_model -> OFFICE_DOCUMENT_OPEN office_model OFFICE_DOCUMENT_CLOSE
Rule 4     office_model -> OFFICE_MODEL_OPEN model_nodes OFFICE_MODEL_CLOSE
Rule 5     model_nodes -> MODEL_NODES_OPEN model_node model_nodes
Rule 6     model_nodes -> model_node model_nodes
Rule 7     model_nodes -> MODEL_NODES_CLOSE
Rule 8     model_node -> MODEL_NODE_OPEN model_node
Rule 9     model_node -> basic_info model_node
Rule 10    model_node -> threats model_node
Rule 11    model_node -> structure_security_policies model_node
Rule 12    model_node -> structure_security_relationships model_node
Rule 13    model_node -> vulnerabilities model_node
Rule 14    model_node -> security_controls model_node
Rule 15    model_node -> MODEL_NODE_CLOSE
Rule 16    basic_info -> BASIC_INFORMATION_OPEN basic_info
Rule 17    basic_info -> component_name basic_info
Rule 18    basic_info -> component_overview basic_info
Rule 19    basic_info -> intrinsical_properties basic_info
Rule 20    basic_info -> BASIC_INFORMATION_CLOSE
Rule 21    component_name -> COMPONENT_NAME_OPEN str COMPONENT_NAME_CLOSE
Rule 22    intrinsical_properties -> INTRINSICAL_PROPERTIES_OPEN intrinsical_properties
Rule 23    intrinsical_properties -> properties_color intrinsical_properties
Rule 24    intrinsical_properties -> properties_material intrinsical_properties
Rule 25    intrinsical_properties -> properties_height intrinsical_properties
Rule 26    intrinsical_properties -> properties_weight intrinsical_properties
Rule 27    intrinsical_properties -> properties_count intrinsical_properties
Rule 28    intrinsical_properties -> properties_fragility intrinsical_properties
Rule 29    intrinsical_properties -> properties_property intrinsical_properties
Rule 30    intrinsical_properties -> INTRINSICAL_PROPERTIES_CLOSE
Rule 31    component_overview -> COMPONENT_OVERVIEW_OPEN str COMPONENT_OVERVIEW_CLOSE
Rule 32    properties_color -> PROPERTIES_COLOR_OPEN str PROPERTIES_COLOR_CLOSE
Rule 33    properties_material -> PROPERTIES_MATERIAL_OPEN str PROPERTIES_MATERIAL_CLOSE
Rule 34    properties_height -> PROPERTIES_HEIGHT_OPEN str PROPERTIES_HEIGHT_CLOSE
Rule 35    properties_weight -> PROPERTIES_WEIGHT_OPEN str PROPERTIES_WEIGHT_CLOSE
Rule 36    properties_count -> PROPERTIES_COUNT_OPEN str PROPERTIES_COUNT_CLOSE
Rule 37    properties_fragility -> PROPERTIES_FRAGILITY_OPEN str PROPERTIES_FRAGILITY_CLOSE
Rule 38    threats -> THREATS_OPEN threats
Rule 39    threats -> threat threats
Rule 40    threats -> THREATS_CLOSE
Rule 41    threat -> THREAT_OPEN threat
Rule 42    threat -> threat_name threat
Rule 43    threat -> threat_description threat
Rule 44    threat -> threat_vulnerabilities threat
Rule 45    threat -> THREAT_CLOSE
Rule 46    threat_name -> THREAT_NAME_OPEN str THREAT_NAME_CLOSE
Rule 47    threat_description -> THREAT_DESCRIPTION_OPEN str THREAT_DESCRIPTION_CLOSE
Rule 48    threat_vulnerabilities -> THREAT_VULNERABILITIES_OPEN threat_vulnerabilities
Rule 49    threat_vulnerabilities -> threat_vulnerability threat_vulnerabilities
Rule 50    threat_vulnerabilities -> THREAT_VULNERABILITIES_CLOSE
Rule 51    threat_vulnerability -> VULNERABILITIES_VULNERABILITY_OPEN str VULNERABILITIES_VULNERABILITY_CLOSE
Rule 52    structure_security_policies -> SECURITY_POLICIES_OPEN security_policies SECURITY_POLICIES_CLOSE
Rule 53    security_policies -> security_policy security_policies
Rule 54    security_policies -> <empty>
Rule 55    security_policy -> SECURITY_POLICY_OPEN ID GENERAL_CLOSE POLICY_NAME_OPEN STRING POLICY_NAME_CLOSE POLICY_DESCRIPTION_OPEN STRING POLICY_DESCRIPTION_CLOSE security_objectives_SP additional_info_SP SECURITY_POLICY_CLOSE
Rule 56    security_objectives_SP -> SP_OBJECTIVES_OPEN SECURITY_OBJECTIVE_OPEN STRING SECURITY_OBJECTIVE_CLOSE SP_OBJECTIVES_CLOSE
Rule 57    additional_info_SP -> SP_ADDITIONAL_INFORMATION_OPEN ADDITIONAL_INFO_OPEN ADDITIONAL_INFO_CLOSE SP_ADDITIONAL_INFORMATION_CLOSE
Rule 58    structure_security_relationships -> SECURITY_RELATIONSHIP_OPEN security-relationships SECURITY_RELATIONSHIP_CLOSE
Rule 59    security-relationships -> LINKED_NODE_OPEN ID GENERAL_CLOSE linked-node LINKED_NODE_CLOSE security-relationships
Rule 60    security-relationships -> <empty>
Rule 61    linked-node -> RELATIONSHIP_TYPE_OPEN ID GENERAL_CLOSE relationship-type RELATIONSHIP_TYPE_CLOSE linked-node
Rule 62    linked-node -> <empty>
Rule 63    relationship-type -> SECURITY_OBJECTIVES_OPEN security-objectives_SR SECURITY_OBJECTIVES_CLOSE
Rule 64    security-objectives_SR -> SECURITY_OBJECTIVE_OPEN security-objective_SR security-objective_SR SECURITY_OBJECTIVE_CLOSE security-objectives_SR
Rule 65    security-objectives_SR -> <empty>
Rule 66    security-objective_SR -> SELF_OBJECTIVE_OPEN SELF_OBJECTIVE_CLOSE
Rule 67    security-objective_SR -> PEER_OBJECTIVE_OPEN PEER_OBJECTIVE_CLOSE
Rule 68    vulnerabilities -> VULNERABILITIES_OPEN vulnerabilities
Rule 69    vulnerabilities -> vulnerability vulnerabilities
Rule 70    vulnerabilities -> VULNERABILITIES_CLOSE
Rule 71    vulnerability -> VULNERABILITY_OPEN vulnerability
Rule 72    vulnerability -> vulnerability_name vulnerability
Rule 73    vulnerability -> vulnerability_refSecurity vulnerability
Rule 74    vulnerability -> vulnerability_overview vulnerability
Rule 75    vulnerability -> vulnerability_description vulnerability
Rule 76    vulnerability -> vulnerability_impact vulnerability
Rule 77    vulnerability -> vulnerability_severity vulnerability
Rule 78    vulnerability -> vulnerability_additionalInfo vulnerability
Rule 79    vulnerability -> VULNERABILITY_CLOSE
Rule 80    vulnerability_refSecurity -> VULN_REFERENCE_OPEN vulnerability_refSecurity
Rule 81    vulnerability_refSecurity -> refSecurity vulnerability_refSecurity
Rule 82    vulnerability_refSecurity -> VULN_REFERENCE_CLOSE
Rule 83    vulnerability_additionalInfo -> VULN_ADDITIONAL_INFO_OPEN ADDITIONAL_INFO_OPEN ADDITIONAL_INFO_CLOSE VULN_ADDITIONAL_INFO_CLOSE
Rule 84    vulnerability_name -> VULN_NAME_OPEN str VULN_NAME_CLOSE
Rule 85    refSecurity -> REF_SECURITY_OPEN str REF_SECURITY_CLOSE
Rule 86    vulnerability_overview -> VULN_OVERVIEW_OPEN str VULN_OVERVIEW_CLOSE
Rule 87    vulnerability_description -> VULN_DESCRIPTION_OPEN str VULN_DESCRIPTION_CLOSE
Rule 88    vulnerability_impact -> VULN_IMPACT_OPEN str VULN_IMPACT_CLOSE
Rule 89    vulnerability_severity -> VULN_SEVERITY_OPEN str VULN_SEVERITY_CLOSE
Rule 90    security_controls -> SECURITY_CONTROLS_OPEN security_controls
Rule 91    security_controls -> security_control security_controls
Rule 92    security_controls -> SECURITY_CONTROLS_CLOSE
Rule 93    security_control -> SECURITY_CONTROL_OPEN security_control
Rule 94    security_control -> security_control_name security_control
Rule 95    security_control -> security_control_description security_control
Rule 96    security_control -> sec_policies security_control
Rule 97    security_control -> securityControl_additionalInfo security_control
Rule 98    security_control -> SECURITY_CONTROL_CLOSE
Rule 99    sec_policies -> SECCONT_SECURITY_POLICIES_OPEN sec_policies
Rule 100   sec_policies -> security_policyID sec_policies
Rule 101   sec_policies -> SECCONT_SECURITY_POLICIES_CLOSE
Rule 102   securityControl_additionalInfo -> SECCONT_ADDITIONAL_INFO_OPEN ADDITIONAL_INFO_OPEN ADDITIONAL_INFO_CLOSE SECCONT_ADDITIONAL_INFO_CLOSE
Rule 103   security_control_name -> SECCONT_NAME_OPEN str SECCONT_NAME_CLOSE
Rule 104   security_control_description -> SECCONT_DESCRIPTION_OPEN str SECCONT_DESCRIPTION_CLOSE
Rule 105   security_policyID -> SECPOLICY_ID_OPEN str SECPOLICY_ID_CLOSE
Rule 106   doc_comment -> COMMENT_OPEN doc_comment
Rule 107   doc_comment -> str doc_comment
Rule 108   doc_comment -> GENERAL_CLOSE
Rule 109   str -> STRING str
Rule 110   str -> STRING

Terminals, with rules where they appear

ADDITIONAL_INFO_CLOSE : 57 83 102
ADDITIONAL_INFO_OPEN : 57 83 102
BASIC_INFORMATION_CLOSE : 20
BASIC_INFORMATION_OPEN : 16
COMMENT_OPEN         : 106
COMPONENT_NAME_CLOSE : 21
COMPONENT_NAME_OPEN  : 21
COMPONENT_OVERVIEW_CLOSE : 31
COMPONENT_OVERVIEW_OPEN : 31
GENERAL_CLOSE        : 55 59 61 108
ID                   : 55 59 61
INTRINSICAL_PROPERTIES_CLOSE : 30
INTRINSICAL_PROPERTIES_OPEN : 22
LINKED_NODE_CLOSE    : 59
LINKED_NODE_OPEN     : 59
MODEL_NODES_CLOSE    : 7
MODEL_NODES_OPEN     : 5
MODEL_NODE_CLOSE     : 15
MODEL_NODE_OPEN      : 8
OFFICE_DOCUMENT_CLOSE : 3
OFFICE_DOCUMENT_OPEN : 3
OFFICE_MODEL_CLOSE   : 4
OFFICE_MODEL_OPEN    : 4
PEER_OBJECTIVE_CLOSE : 67
PEER_OBJECTIVE_OPEN  : 67
POLICY_DESCRIPTION_CLOSE : 55
POLICY_DESCRIPTION_OPEN : 55
POLICY_NAME_CLOSE    : 55
POLICY_NAME_OPEN     : 55
PROPERTIES_COLOR_CLOSE : 32
PROPERTIES_COLOR_OPEN : 32
PROPERTIES_COUNT_CLOSE : 36
PROPERTIES_COUNT_OPEN : 36
PROPERTIES_FRAGILITY_CLOSE : 37
PROPERTIES_FRAGILITY_OPEN : 37
PROPERTIES_HEIGHT_CLOSE : 34
PROPERTIES_HEIGHT_OPEN : 34
PROPERTIES_MATERIAL_CLOSE : 33
PROPERTIES_MATERIAL_OPEN : 33
PROPERTIES_PROPERTY_CLOSE : 
PROPERTIES_PROPERTY_OPEN : 
PROPERTIES_WEIGHT_CLOSE : 35
PROPERTIES_WEIGHT_OPEN : 35
REF_SECURITY_CLOSE   : 85
REF_SECURITY_OPEN    : 85
RELATIONSHIP_TYPE_CLOSE : 61
RELATIONSHIP_TYPE_OPEN : 61
SECCONT_ADDITIONAL_INFO_CLOSE : 102
SECCONT_ADDITIONAL_INFO_OPEN : 102
SECCONT_DESCRIPTION_CLOSE : 104
SECCONT_DESCRIPTION_OPEN : 104
SECCONT_NAME_CLOSE   : 103
SECCONT_NAME_OPEN    : 103
SECCONT_SECURITY_POLICIES_CLOSE : 101
SECCONT_SECURITY_POLICIES_OPEN : 99
SECPOLICY_ID_CLOSE   : 105
SECPOLICY_ID_OPEN    : 105
SECURITY_CONTROLS_CLOSE : 92
SECURITY_CONTROLS_OPEN : 90
SECURITY_CONTROL_CLOSE : 98
SECURITY_CONTROL_OPEN : 93
SECURITY_OBJECTIVES_CLOSE : 63
SECURITY_OBJECTIVES_OPEN : 63
SECURITY_OBJECTIVE_CLOSE : 56 64
SECURITY_OBJECTIVE_OPEN : 56 64
SECURITY_POLICIES_CLOSE : 52
SECURITY_POLICIES_OPEN : 52
SECURITY_POLICY_CLOSE : 55
SECURITY_POLICY_OPEN : 55
SECURITY_RELATIONSHIP_CLOSE : 58
SECURITY_RELATIONSHIP_OPEN : 58
SELF_OBJECTIVE_CLOSE : 66
SELF_OBJECTIVE_OPEN  : 66
SP_ADDITIONAL_INFORMATION_CLOSE : 57
SP_ADDITIONAL_INFORMATION_OPEN : 57
SP_OBJECTIVES_CLOSE  : 56
SP_OBJECTIVES_OPEN   : 56
STRING               : 55 55 56 109 110
THREATS_CLOSE        : 40
THREATS_OPEN         : 38
THREAT_CLOSE         : 45
THREAT_DESCRIPTION_CLOSE : 47
THREAT_DESCRIPTION_OPEN : 47
THREAT_NAME_CLOSE    : 46
THREAT_NAME_OPEN     : 46
THREAT_OPEN          : 41
THREAT_VULNERABILITIES_CLOSE : 50
THREAT_VULNERABILITIES_OPEN : 48
VULNERABILITIES_CLOSE : 70
VULNERABILITIES_OPEN : 68
VULNERABILITIES_VULNERABILITY_CLOSE : 51
VULNERABILITIES_VULNERABILITY_OPEN : 51
VULNERABILITY_CLOSE  : 79
VULNERABILITY_OPEN   : 71
VULN_ADDITIONAL_INFO_CLOSE : 83
VULN_ADDITIONAL_INFO_OPEN : 83
VULN_DESCRIPTION_CLOSE : 87
VULN_DESCRIPTION_OPEN : 87
VULN_IMPACT_CLOSE    : 88
VULN_IMPACT_OPEN     : 88
VULN_NAME_CLOSE      : 84
VULN_NAME_OPEN       : 84
VULN_OVERVIEW_CLOSE  : 86
VULN_OVERVIEW_OPEN   : 86
VULN_REFERENCE_CLOSE : 82
VULN_REFERENCE_OPEN  : 80
VULN_SEVERITY_CLOSE  : 89
VULN_SEVERITY_OPEN   : 89
XML_VERSION          : 1
error                : 

Nonterminals, with rules where they appear

additional_info_SP   : 55
basic_info           : 9 16 17 18 19
component_name       : 17
component_overview   : 18
doc_comment          : 2 106 107
doc_model            : 1 2 0
intrinsical_properties : 19 22 23 24 25 26 27 28 29
linked-node          : 59 61
model_node           : 5 6 8 9 10 11 12 13 14
model_nodes          : 4 5 6
office_model         : 3
properties_color     : 23
properties_count     : 27
properties_fragility : 28
properties_height    : 25
properties_material  : 24
properties_property  : 29
properties_weight    : 26
refSecurity          : 81
relationship-type    : 61
sec_policies         : 96 99 100
security-objective_SR : 64 64
security-objectives_SR : 63 64
security-relationships : 58 59
securityControl_additionalInfo : 97
security_control     : 91 93 94 95 96 97
security_control_description : 95
security_control_name : 94
security_controls    : 14 90 91
security_objectives_SP : 55
security_policies    : 52 53
security_policy      : 53
security_policyID    : 100
str                  : 21 31 32 33 34 35 36 37 46 47 51 84 85 86 87 88 89 103 104 105 107 109
structure_security_policies : 11
structure_security_relationships : 12
threat               : 39 41 42 43 44
threat_description   : 43
threat_name          : 42
threat_vulnerabilities : 44 48 49
threat_vulnerability : 49
threats              : 10 38 39
vulnerabilities      : 13 68 69
vulnerability        : 69 71 72 73 74 75 76 77 78
vulnerability_additionalInfo : 78
vulnerability_description : 75
vulnerability_impact : 76
vulnerability_name   : 72
vulnerability_overview : 74
vulnerability_refSecurity : 73 80 81
vulnerability_severity : 77

